\BOOKMARK [1][-]{section.1}{\376\377\000I\000n\000t\000r\000o\000d\000u\000c\000t\000i\000o\000n}{}% 1
\BOOKMARK [1][-]{section.2}{\376\377\000P\000r\000o\000j\000e\000c\000t\000\040\000S\000t\000r\000u\000c\000t\000u\000r\000e}{}% 2
\BOOKMARK [2][-]{subsection.2.1}{\376\377\000C\000o\000m\000p\000o\000n\000e\000n\000t\000s}{section.2}% 3
\BOOKMARK [1][-]{section.3}{\376\377\000C\000h\000a\000t\000\040\000G\000e\000n\000e\000r\000a\000t\000i\000o\000n\000\040\000D\000e\000s\000i\000g\000n}{}% 4
\BOOKMARK [2][-]{subsection.3.1}{\376\377\000P\000e\000r\000s\000o\000n\000a\000l\000i\000t\000y\000\040\000C\000o\000n\000f\000i\000g\000u\000r\000a\000t\000i\000o\000n}{section.3}% 5
\BOOKMARK [2][-]{subsection.3.2}{\376\377\000M\000e\000s\000s\000a\000g\000e\000\040\000G\000e\000n\000e\000r\000a\000t\000i\000o\000n}{section.3}% 6
\BOOKMARK [1][-]{section.4}{\376\377\000P\000a\000r\000s\000e\000r\000\040\000a\000n\000d\000\040\000S\000t\000a\000t\000i\000s\000t\000i\000c\000s\000\040\000a\000n\000l\000a\000y\000s\000i\000s}{}% 7
\BOOKMARK [2][-]{subsection.4.1}{\376\377\000P\000a\000r\000s\000e\000r}{section.4}% 8
\BOOKMARK [2][-]{subsection.4.2}{\376\377\000S\000t\000a\000t\000i\000s\000t\000i\000c\000a\000l\000\040\000D\000e\000f\000i\000n\000i\000t\000i\000o\000n\000s}{section.4}% 9
\BOOKMARK [3][-]{subsubsection.4.2.1}{\376\377\000T\000o\000t\000a\000l\000\040\000M\000e\000s\000s\000a\000g\000e\000s}{subsection.4.2}% 10
\BOOKMARK [3][-]{subsubsection.4.2.2}{\376\377\000T\000o\000t\000a\000l\000\040\000W\000o\000r\000d\000s}{subsection.4.2}% 11
\BOOKMARK [3][-]{subsubsection.4.2.3}{\376\377\000N\000i\000g\000h\000t\000\040\000O\000w\000l}{subsection.4.2}% 12
\BOOKMARK [3][-]{subsubsection.4.2.4}{\376\377\000G\000h\000o\000s\000t}{subsection.4.2}% 13
\BOOKMARK [3][-]{subsubsection.4.2.5}{\376\377\000C\000o\000n\000v\000e\000r\000s\000a\000t\000i\000o\000n\000\040\000S\000t\000a\000r\000t\000e\000r}{subsection.4.2}% 14
\BOOKMARK [3][-]{subsubsection.4.2.6}{\376\377\000B\000u\000s\000i\000e\000s\000t\000\040\000D\000a\000y}{subsection.4.2}% 15
\BOOKMARK [3][-]{subsubsection.4.2.7}{\376\377\000L\000o\000n\000g\000e\000s\000t\000\040\000S\000i\000l\000e\000n\000c\000e}{subsection.4.2}% 16
\BOOKMARK [3][-]{subsubsection.4.2.8}{\376\377\000M\000o\000s\000t\000\040\000U\000s\000e\000d\000\040\000E\000m\000o\000j\000i}{subsection.4.2}% 17
\BOOKMARK [3][-]{subsubsection.4.2.9}{\376\377\000A\000v\000e\000r\000a\000g\000e\000\040\000R\000e\000s\000p\000o\000n\000s\000e\000\040\000T\000i\000m\000e}{subsection.4.2}% 18
\BOOKMARK [3][-]{subsubsection.4.2.10}{\376\377\000H\000y\000p\000e\000\040\000P\000e\000r\000s\000o\000n}{subsection.4.2}% 19
\BOOKMARK [3][-]{subsubsection.4.2.11}{\376\377\000A\000c\000t\000i\000v\000i\000t\000y\000\040\000C\000o\000n\000c\000e\000n\000t\000r\000a\000t\000i\000o\000n\000\040\000\050\000C\000u\000s\000t\000o\000m\000\040\000S\000t\000a\000t\000i\000s\000t\000i\000c\000\051}{subsection.4.2}% 20
\BOOKMARK [1][-]{section.5}{\376\377\000F\000r\000o\000n\000t\000e\000n\000d\000\040\000D\000e\000s\000i\000g\000n}{}% 21
\BOOKMARK [2][-]{subsection.5.1}{\376\377\000S\000t\000r\000u\000c\000t\000u\000r\000e}{section.5}% 22
\BOOKMARK [2][-]{subsection.5.2}{\376\377\000S\000l\000i\000d\000e\000s\000h\000o\000w\000\040\000M\000e\000c\000h\000a\000n\000i\000s\000m}{section.5}% 23
\BOOKMARK [2][-]{subsection.5.3}{\376\377\000D\000a\000t\000a\000\040\000I\000n\000t\000e\000g\000r\000a\000t\000i\000o\000n}{section.5}% 24
\BOOKMARK [2][-]{subsection.5.4}{\376\377\000S\000t\000y\000l\000i\000n\000g\000\040\000a\000n\000d\000\040\000V\000i\000s\000u\000a\000l\000i\000z\000a\000t\000i\000o\000n}{section.5}% 25
\BOOKMARK [2][-]{subsection.5.5}{\376\377\000A\000n\000i\000m\000a\000t\000i\000o\000n\000\040\000a\000n\000d\000\040\000R\000e\000s\000p\000o\000n\000s\000i\000v\000e\000n\000e\000s\000s}{section.5}% 26
\BOOKMARK [2][-]{subsection.5.6}{\376\377\000C\000h\000a\000r\000t\000.\000j\000s\000\040\000I\000n\000t\000e\000g\000r\000a\000t\000i\000o\000n}{section.5}% 27
\BOOKMARK [1][-]{section.6}{\376\377\000L\000i\000b\000r\000a\000r\000i\000e\000s\000\040\000U\000s\000e\000d}{}% 28
\BOOKMARK [2][-]{subsection.6.1}{\376\377\000P\000y\000t\000h\000o\000n\000\040\000S\000t\000a\000n\000d\000a\000r\000d\000\040\000L\000i\000b\000r\000a\000r\000y}{section.6}% 29
\BOOKMARK [2][-]{subsection.6.2}{\376\377\000E\000x\000t\000e\000r\000n\000a\000l\000\040\000P\000y\000t\000h\000o\000n\000\040\000L\000i\000b\000r\000a\000r\000i\000e\000s}{section.6}% 30
\BOOKMARK [2][-]{subsection.6.3}{\376\377\000F\000r\000o\000n\000t\000e\000n\000d\000\040\000L\000i\000b\000r\000a\000r\000i\000e\000s}{section.6}% 31
\BOOKMARK [1][-]{section.7}{\376\377\000H\000u\000r\000d\000l\000e\000s\000\040\000F\000a\000c\000e\000d}{}% 32
\BOOKMARK [1][-]{section.8}{\376\377\000F\000u\000t\000u\000r\000e\000\040\000I\000m\000p\000r\000o\000v\000e\000m\000e\000n\000t\000s}{}% 33
\BOOKMARK [1][-]{section.9}{\376\377\000C\000o\000n\000c\000l\000u\000s\000i\000o\000n}{}% 34
\BOOKMARK [1][-]{section.10}{\376\377\000B\000i\000b\000l\000i\000o\000g\000r\000a\000p\000h\000y}{}% 35
